Using pre-set license
Built from '2022.3/staging' branch; Version is '2022.3.4f1 (35713cd46cd7) revision 3502396'; Using compiler version '192829333'; Build Type 'Release'
OS: 'Windows 11  (10.0.22621) 64bit Core' Language: 'ko' Physical Memory: 8025 MB
BatchMode: 1, IsHumanControllingUs: 0, StartBugReporterOnCrash: 0, Is64bit: 1, IsPro: 1

COMMAND LINE ARGUMENTS:
C:\Program Files\Unity\Hub\Editor\2022.3.4f1\Editor\Unity.exe
-adb2
-batchMode
-noUpm
-name
AssetImportWorker0
-projectPath
C:/Users/다정/Documents/GitHub/Tums_CloneCoding/Tums_Mario_Project
-logFile
Logs/AssetImportWorker0.log
-srvPort
13606
Successfully changed project path to: C:/Users/다정/Documents/GitHub/Tums_CloneCoding/Tums_Mario_Project
C:/Users/다정/Documents/GitHub/Tums_CloneCoding/Tums_Mario_Project
[UnityMemory] Configuration Parameters - Can be set up in boot.config
    "memorysetup-bucket-allocator-granularity=16"
    "memorysetup-bucket-allocator-bucket-count=8"
    "memorysetup-bucket-allocator-block-size=33554432"
    "memorysetup-bucket-allocator-block-count=8"
    "memorysetup-main-allocator-block-size=16777216"
    "memorysetup-thread-allocator-block-size=16777216"
    "memorysetup-gfx-main-allocator-block-size=16777216"
    "memorysetup-gfx-thread-allocator-block-size=16777216"
    "memorysetup-cache-allocator-block-size=4194304"
    "memorysetup-typetree-allocator-block-size=2097152"
    "memorysetup-profiler-bucket-allocator-granularity=16"
    "memorysetup-profiler-bucket-allocator-bucket-count=8"
    "memorysetup-profiler-bucket-allocator-block-size=33554432"
    "memorysetup-profiler-bucket-allocator-block-count=8"
    "memorysetup-profiler-allocator-block-size=16777216"
    "memorysetup-profiler-editor-allocator-block-size=1048576"
    "memorysetup-temp-allocator-size-main=16777216"
    "memorysetup-job-temp-allocator-block-size=2097152"
    "memorysetup-job-temp-allocator-block-size-background=1048576"
    "memorysetup-job-temp-allocator-reduction-small-platforms=262144"
    "memorysetup-allocator-temp-initial-block-size-main=262144"
    "memorysetup-allocator-temp-initial-block-size-worker=262144"
    "memorysetup-temp-allocator-size-background-worker=32768"
    "memorysetup-temp-allocator-size-job-worker=262144"
    "memorysetup-temp-allocator-size-preload-manager=33554432"
    "memorysetup-temp-allocator-size-nav-mesh-worker=65536"
    "memorysetup-temp-allocator-size-audio-worker=65536"
    "memorysetup-temp-allocator-size-cloud-worker=32768"
    "memorysetup-temp-allocator-size-gi-baking-worker=262144"
    "memorysetup-temp-allocator-size-gfx=262144"
Player connection [26016] Host "[IP] 192.168.219.109 [Port] 0 [Flags] 2 [Guid] 4219902871 [EditorId] 4219902871 [Version] 1048832 [Id] WindowsEditor(7,DESKTOP-IP51DP1) [Debug] 1 [PackageName] WindowsEditor [ProjectName] Editor" joined multi-casting on [225.0.0.222:54997]...

Player connection [26016] Host "[IP] 192.168.219.109 [Port] 0 [Flags] 2 [Guid] 4219902871 [EditorId] 4219902871 [Version] 1048832 [Id] WindowsEditor(7,DESKTOP-IP51DP1) [Debug] 1 [PackageName] WindowsEditor [ProjectName] Editor" joined alternative multi-casting on [225.0.0.222:34997]...

Refreshing native plugins compatible for Editor in 83.72 ms, found 3 plugins.
Preloading 0 native plugins for Editor in 0.00 ms.
Initialize engine version: 2022.3.4f1 (35713cd46cd7)
[Subsystems] Discovering subsystems at path C:/Program Files/Unity/Hub/Editor/2022.3.4f1/Editor/Data/Resources/UnitySubsystems
[Subsystems] Discovering subsystems at path C:/Users/다정/Documents/GitHub/Tums_CloneCoding/Tums_Mario_Project/Assets
GfxDevice: creating device client; threaded=0; jobified=0
Direct3D:
    Version:  Direct3D 11.0 [level 11.1]
    Renderer: Intel(R) UHD Graphics 620 (ID=0x5917)
    Vendor:   Intel
    VRAM:     4012 MB
    Driver:   25.20.100.6577
Initialize mono
Mono path[0] = 'C:/Program Files/Unity/Hub/Editor/2022.3.4f1/Editor/Data/Managed'
Mono path[1] = 'C:/Program Files/Unity/Hub/Editor/2022.3.4f1/Editor/Data/MonoBleedingEdge/lib/mono/unityjit-win32'
Mono config path = 'C:/Program Files/Unity/Hub/Editor/2022.3.4f1/Editor/Data/MonoBleedingEdge/etc'
Using monoOptions --debugger-agent=transport=dt_socket,embedding=1,server=y,suspend=n,address=127.0.0.1:56176
Begin MonoManager ReloadAssembly
Registering precompiled unity dll's ...
Register platform support module: C:/Program Files/Unity/Hub/Editor/2022.3.4f1/Editor/Data/PlaybackEngines/WindowsStandaloneSupport/UnityEditor.WindowsStandalone.Extensions.dll
Registered in 0.089124 seconds.
- Loaded All Assemblies, in  1.985 seconds
Native extension for WindowsStandalone target not found
Mono: successfully reloaded assembly
- Finished resetting the current domain, in  1.406 seconds
Domain Reload Profiling: 3365ms
	BeginReloadAssembly (613ms)
		ExecutionOrderSort (0ms)
		DisableScriptedObjects (0ms)
		BackupInstance (0ms)
		ReleaseScriptingObjects (0ms)
		CreateAndSetChildDomain (2ms)
	RebuildCommonClasses (178ms)
	RebuildNativeTypeToScriptingClass (56ms)
	initialDomainReloadingComplete (425ms)
	LoadAllAssembliesAndSetupDomain (684ms)
		LoadAssemblies (599ms)
		RebuildTransferFunctionScriptingTraits (0ms)
		AnalyzeDomain (630ms)
			TypeCache.Refresh (628ms)
				TypeCache.ScanAssembly (567ms)
			ScanForSourceGeneratedMonoScriptInfo (1ms)
			ResolveRequiredComponents (1ms)
	FinalizeReload (1408ms)
		ReleaseScriptCaches (0ms)
		RebuildScriptCaches (0ms)
		SetupLoadedEditorAssemblies (1061ms)
			LogAssemblyErrors (0ms)
			InitializePlatformSupportModulesInManaged (62ms)
			SetLoadedEditorAssemblies (34ms)
			RefreshPlugins (0ms)
			BeforeProcessingInitializeOnLoad (11ms)
			ProcessInitializeOnLoadAttributes (695ms)
			ProcessInitializeOnLoadMethodAttributes (260ms)
			AfterProcessingInitializeOnLoad (0ms)
			EditorAssembliesLoaded (0ms)
		ExecutionOrderSort2 (0ms)
		AwakeInstancesAfterBackupRestoration (0ms)
========================================================================
Worker process is ready to serve import requests
Begin MonoManager ReloadAssembly
Symbol file LoadedFromMemory doesn't match image C:\Users\다정\Documents\GitHub\Tums_CloneCoding\Tums_Mario_Project\Library\PackageCache\com.unity.visualscripting@1.8.0\Editor\VisualScripting.Core\Dependencies\YamlDotNet\Unity.VisualScripting.YamlDotNet.dll
Symbol file LoadedFromMemory doesn't match image C:\Users\다정\Documents\GitHub\Tums_CloneCoding\Tums_Mario_Project\Library\PackageCache\com.unity.visualscripting@1.8.0\Editor\VisualScripting.Core\Dependencies\DotNetZip\Unity.VisualScripting.IonicZip.dll
- Loaded All Assemblies, in  5.008 seconds
Refreshing native plugins compatible for Editor in 39.01 ms, found 3 plugins.
Native extension for WindowsStandalone target not found
Package Manager log level set to [2]
[Package Manager] Server::EnsureServerProcessIsRunning -- launch failed, reason: Unity was launched with the -noUpm command-line argument
[Package Manager] UpmClient::Send -- Unable to send message (not connected to UPM process).
[Package Manager] Cannot connect to Unity Package Manager local server
Mono: successfully reloaded assembly
- Finished resetting the current domain, in  4.073 seconds
Domain Reload Profiling: 9051ms
	BeginReloadAssembly (720ms)
		ExecutionOrderSort (0ms)
		DisableScriptedObjects (23ms)
		BackupInstance (0ms)
		ReleaseScriptingObjects (0ms)
		CreateAndSetChildDomain (80ms)
	RebuildCommonClasses (242ms)
	RebuildNativeTypeToScriptingClass (46ms)
	initialDomainReloadingComplete (253ms)
	LoadAllAssembliesAndSetupDomain (3715ms)
		LoadAssemblies (2191ms)
		RebuildTransferFunctionScriptingTraits (0ms)
		AnalyzeDomain (1882ms)
			TypeCache.Refresh (1633ms)
				TypeCache.ScanAssembly (1395ms)
			ScanForSourceGeneratedMonoScriptInfo (83ms)
			ResolveRequiredComponents (166ms)
	FinalizeReload (4075ms)
		ReleaseScriptCaches (0ms)
		RebuildScriptCaches (0ms)
		SetupLoadedEditorAssemblies (2941ms)
			LogAssemblyErrors (0ms)
			InitializePlatformSupportModulesInManaged (71ms)
			SetLoadedEditorAssemblies (27ms)
			RefreshPlugins (0ms)
			BeforeProcessingInitializeOnLoad (335ms)
			ProcessInitializeOnLoadAttributes (2334ms)
			ProcessInitializeOnLoadMethodAttributes (86ms)
			AfterProcessingInitializeOnLoad (87ms)
			EditorAssembliesLoaded (0ms)
		ExecutionOrderSort2 (0ms)
		AwakeInstancesAfterBackupRestoration (68ms)
Launched and connected shader compiler UnityShaderCompiler.exe after 0.31 seconds
Refreshing native plugins compatible for Editor in 32.95 ms, found 3 plugins.
Preloading 0 native plugins for Editor in 0.00 ms.
Unloading 3238 Unused Serialized files (Serialized files now loaded: 0)
Unloading 34 unused Assets / (462.1 KB). Loaded Objects now: 3703.
Memory consumption went from 161.0 MB to 160.6 MB.
Total: 15.630600 ms (FindLiveObjects: 0.953400 ms CreateObjectMapping: 0.612200 ms MarkObjects: 13.028800 ms  DeleteObjects: 1.033300 ms)

AssetImportParameters requested are different than current active one (requested -> active):
  custom:container-demuxer-ogg: 62fdf1f143b41e24485cea50d1cbac27 -> 
  custom:video-decoder-ogg-theora: a1e56fd34408186e4bbccfd4996cb3dc -> 
  custom:framework-win-MediaFoundation: 216162199b28c13a410421893ffa2e32 -> 
  custom:CustomObjectIndexerAttribute: 756ad292c208cfabdd7b50bc23989ffe -> 
  custom:container-demuxer-webm: 4f35f7cbe854078d1ac9338744f61a02 -> 
  custom:container-muxer-webm: aa71ff27fc2769a1b78a27578f13a17b -> 
  custom:video-decoder-webm-vp8: 9c59270c3fd7afecdb556c50c9e8de78 -> 
  custom:AudioImporter_EditorPlatform: d09bf68614088b80899f8185d706f6e7 -> 
  custom:video-encoder-webm-vp8: eb34c28f22e8b96e1ab97ce403110664 -> 
  custom:audio-decoder-ogg-vorbis: bf7c407c2cedff20999df2af8eb42d56 -> 
  custom:audio-encoder-webm-vorbis: bf7c407c2cedff20999df2af8eb42d56 -> 
========================================================================
Received Import Request.
  Time since last request: 1283624.864866 seconds.
  path: Assets/HelloMarioAssets/Enemy/Goomba/Anim/RunTower.fbx
  artifactKey: Guid(a85d792644e70b544baaf55e960f5a21) Importer(815301076,1909f56bfc062723c751e8b465ee728b)
Start importing Assets/HelloMarioAssets/Enemy/Goomba/Anim/RunTower.fbx using Guid(a85d792644e70b544baaf55e960f5a21) Importer(815301076,1909f56bfc062723c751e8b465ee728b)  -> (artifact id: '9d1231d14d4ba833dfeebb74ed9eabb9') in 0.124456 seconds
Number of updated asset objects reloaded before import = 0
Number of asset objects unloaded after import = 39
========================================================================
Received Import Request.
  Time since last request: 0.000051 seconds.
  path: Assets/HelloMarioAssets/Enemy/Goomba/Anim/FindEnd.fbx
  artifactKey: Guid(45712ef33c0b62745b69750499179771) Importer(815301076,1909f56bfc062723c751e8b465ee728b)
Start importing Assets/HelloMarioAssets/Enemy/Goomba/Anim/FindEnd.fbx using Guid(45712ef33c0b62745b69750499179771) Importer(815301076,1909f56bfc062723c751e8b465ee728b)  -> (artifact id: '43fcc2dde29a79a7b58f4aeaa4d856d4') in 0.016351 seconds
Number of updated asset objects reloaded before import = 0
Number of asset objects unloaded after import = 39
========================================================================
Received Import Request.
  Time since last request: 0.000044 seconds.
  path: Assets/HelloMarioAssets/Enemy/Goomba/Anim/Sleep.fbx
  artifactKey: Guid(62cec3b5c0bdaf74b860ab02c1607893) Importer(815301076,1909f56bfc062723c751e8b465ee728b)
Start importing Assets/HelloMarioAssets/Enemy/Goomba/Anim/Sleep.fbx using Guid(62cec3b5c0bdaf74b860ab02c1607893) Importer(815301076,1909f56bfc062723c751e8b465ee728b)  -> (artifact id: '8225309127f341758aa0424929b5f4cb') in 0.017167 seconds
Number of updated asset objects reloaded before import = 0
Number of asset objects unloaded after import = 39
========================================================================
Received Import Request.
  Time since last request: 0.000031 seconds.
  path: Assets/HelloMarioAssets/Enemy/Goomba/Anim/Wait.fbx
  artifactKey: Guid(4bb7d3995b541144a8ccd0fd2994bce7) Importer(815301076,1909f56bfc062723c751e8b465ee728b)
Start importing Assets/HelloMarioAssets/Enemy/Goomba/Anim/Wait.fbx using Guid(4bb7d3995b541144a8ccd0fd2994bce7) Importer(815301076,1909f56bfc062723c751e8b465ee728b)  -> (artifact id: '609bba74ebcc885c7916bb16bd0cf388') in 0.024645 seconds
Number of updated asset objects reloaded before import = 0
Number of asset objects unloaded after import = 39
========================================================================
Received Import Request.
  Time since last request: 0.000039 seconds.
  path: Assets/HelloMarioAssets/Enemy/Goomba/Anim/RouteDokan.fbx
  artifactKey: Guid(2ffecb755fcba8445bf0c68a7f565f75) Importer(815301076,1909f56bfc062723c751e8b465ee728b)
Start importing Assets/HelloMarioAssets/Enemy/Goomba/Anim/RouteDokan.fbx using Guid(2ffecb755fcba8445bf0c68a7f565f75) Importer(815301076,1909f56bfc062723c751e8b465ee728b)  -> (artifact id: 'ee170b18f26426330c7779eaf10b624a') in 0.016324 seconds
Number of updated asset objects reloaded before import = 0
Number of asset objects unloaded after import = 39
========================================================================
Received Import Request.
  Time since last request: 0.000056 seconds.
  path: Assets/HelloMarioAssets/Enemy/Goomba/Anim/JumpTrampolineLoop.fbx
  artifactKey: Guid(3d62c4bf97a45b0498d3e0a01d6e4fad) Importer(815301076,1909f56bfc062723c751e8b465ee728b)
Start importing Assets/HelloMarioAssets/Enemy/Goomba/Anim/JumpTrampolineLoop.fbx using Guid(3d62c4bf97a45b0498d3e0a01d6e4fad) Importer(815301076,1909f56bfc062723c751e8b465ee728b)  -> (artifact id: '380fe0cec56abf8b1a6b4956a047ee9e') in 0.018731 seconds
Number of updated asset objects reloaded before import = 0
Number of asset objects unloaded after import = 39
========================================================================
Received Import Request.
  Time since last request: 0.000030 seconds.
  path: Assets/HelloMarioAssets/Enemy/Goomba/Anim/UkiboMoveSurfaceStart.fbx
  artifactKey: Guid(eb8e643c80df5224387052cb6ab723f8) Importer(815301076,1909f56bfc062723c751e8b465ee728b)
Start importing Assets/HelloMarioAssets/Enemy/Goomba/Anim/UkiboMoveSurfaceStart.fbx using Guid(eb8e643c80df5224387052cb6ab723f8) Importer(815301076,1909f56bfc062723c751e8b465ee728b)  -> (artifact id: 'e5f9fff0b6ff1ab74db85dd5e3446a9f') in 0.020226 seconds
Number of updated asset objects reloaded before import = 0
Number of asset objects unloaded after import = 39
========================================================================
Received Import Request.
  Time since last request: 0.000040 seconds.
  path: Assets/HelloMarioAssets/Enemy/Goomba/Anim/JumpTrampolineStart.fbx
  artifactKey: Guid(7c37c59486e5dd84cb562d6a252d24cb) Importer(815301076,1909f56bfc062723c751e8b465ee728b)
Start importing Assets/HelloMarioAssets/Enemy/Goomba/Anim/JumpTrampolineStart.fbx using Guid(7c37c59486e5dd84cb562d6a252d24cb) Importer(815301076,1909f56bfc062723c751e8b465ee728b)  -> (artifact id: '0365251a366dad1876a6599896a55a47') in 0.016172 seconds
Number of updated asset objects reloaded before import = 0
Number of asset objects unloaded after import = 39
========================================================================
Received Import Request.
  Time since last request: 0.000037 seconds.
  path: Assets/HelloMarioAssets/Enemy/Goomba/Anim/UkiboMoveSurface.fbx
  artifactKey: Guid(1bdef0b1428df394f808f3227f841af9) Importer(815301076,1909f56bfc062723c751e8b465ee728b)
Start importing Assets/HelloMarioAssets/Enemy/Goomba/Anim/UkiboMoveSurface.fbx using Guid(1bdef0b1428df394f808f3227f841af9) Importer(815301076,1909f56bfc062723c751e8b465ee728b)  -> (artifact id: '88d3ca41af660260c77d0da7a1f59e0e') in 0.019582 seconds
Number of updated asset objects reloaded before import = 0
Number of asset objects unloaded after import = 39
========================================================================
Received Import Request.
  Time since last request: 0.000075 seconds.
  path: Assets/HelloMarioAssets/Enemy/Goomba/Anim/UkiboBlowDown.fbx
  artifactKey: Guid(95aacf28940fa2b41a8a916f9622ce63) Importer(815301076,1909f56bfc062723c751e8b465ee728b)
Start importing Assets/HelloMarioAssets/Enemy/Goomba/Anim/UkiboBlowDown.fbx using Guid(95aacf28940fa2b41a8a916f9622ce63) Importer(815301076,1909f56bfc062723c751e8b465ee728b)  -> (artifact id: 'a273529a7a526cf999764179f0440ad5') in 0.017513 seconds
Number of updated asset objects reloaded before import = 0
Number of asset objects unloaded after import = 39
========================================================================
Received Import Request.
  Time since last request: 0.000058 seconds.
  path: Assets/HelloMarioAssets/Enemy/Goomba/Anim/Surprise.fbx
  artifactKey: Guid(1e9519f8143c59746af438396032adf1) Importer(815301076,1909f56bfc062723c751e8b465ee728b)
Start importing Assets/HelloMarioAssets/Enemy/Goomba/Anim/Surprise.fbx using Guid(1e9519f8143c59746af438396032adf1) Importer(815301076,1909f56bfc062723c751e8b465ee728b)  -> (artifact id: '3474557978280e28467423406ee09678') in 0.017989 seconds
Number of updated asset objects reloaded before import = 0
Number of asset objects unloaded after import = 39
========================================================================
Received Import Request.
  Time since last request: 0.000033 seconds.
  path: Assets/HelloMarioAssets/Enemy/Goomba/Anim/AttackLoop.fbx
  artifactKey: Guid(c4b1df777a6a5534885ba880ee6e3d2d) Importer(815301076,1909f56bfc062723c751e8b465ee728b)
Start importing Assets/HelloMarioAssets/Enemy/Goomba/Anim/AttackLoop.fbx using Guid(c4b1df777a6a5534885ba880ee6e3d2d) Importer(815301076,1909f56bfc062723c751e8b465ee728b)  -> (artifact id: 'b531f4ecd9486b405c2fb5e42ee8f56c') in 0.015484 seconds
Number of updated asset objects reloaded before import = 0
Number of asset objects unloaded after import = 39
========================================================================
Received Import Request.
  Time since last request: 0.000037 seconds.
  path: Assets/HelloMarioAssets/Enemy/Goomba/Anim/PressDown.fbx
  artifactKey: Guid(61abe14ea6e57c44cb95adf12a3b49ce) Importer(815301076,1909f56bfc062723c751e8b465ee728b)
Start importing Assets/HelloMarioAssets/Enemy/Goomba/Anim/PressDown.fbx using Guid(61abe14ea6e57c44cb95adf12a3b49ce) Importer(815301076,1909f56bfc062723c751e8b465ee728b)  -> (artifact id: 'c99733e6f4967ba2bca9436e285944fc') in 0.017568 seconds
Number of updated asset objects reloaded before import = 0
Number of asset objects unloaded after import = 39
========================================================================
Received Import Request.
  Time since last request: 0.000033 seconds.
  path: Assets/HelloMarioAssets/Enemy/Goomba/Anim/BlowDown.fbx
  artifactKey: Guid(73ed932c107f12a47a228533e8177899) Importer(815301076,1909f56bfc062723c751e8b465ee728b)
Start importing Assets/HelloMarioAssets/Enemy/Goomba/Anim/BlowDown.fbx using Guid(73ed932c107f12a47a228533e8177899) Importer(815301076,1909f56bfc062723c751e8b465ee728b)  -> (artifact id: '7096e23adf78467b7015930e4b870fec') in 0.019834 seconds
Number of updated asset objects reloaded before import = 0
Number of asset objects unloaded after import = 39
========================================================================
Received Import Request.
  Time since last request: 0.000039 seconds.
  path: Assets/HelloMarioAssets/Enemy/Goomba/Anim/FindStart.fbx
  artifactKey: Guid(11954aa823b76c943afe6b38b4926bf5) Importer(815301076,1909f56bfc062723c751e8b465ee728b)
Start importing Assets/HelloMarioAssets/Enemy/Goomba/Anim/FindStart.fbx using Guid(11954aa823b76c943afe6b38b4926bf5) Importer(815301076,1909f56bfc062723c751e8b465ee728b)  -> (artifact id: '76165b2964e5c73ef8aabb6f4a2dd963') in 0.021657 seconds
Number of updated asset objects reloaded before import = 0
Number of asset objects unloaded after import = 39
========================================================================
Received Import Request.
  Time since last request: 0.000041 seconds.
  path: Assets/HelloMarioAssets/Enemy/Goomba/Anim/UkiboHipDropDown.fbx
  artifactKey: Guid(3cd8571f6ffb7094ca4c272fefd2bb1a) Importer(815301076,1909f56bfc062723c751e8b465ee728b)
Start importing Assets/HelloMarioAssets/Enemy/Goomba/Anim/UkiboHipDropDown.fbx using Guid(3cd8571f6ffb7094ca4c272fefd2bb1a) Importer(815301076,1909f56bfc062723c751e8b465ee728b)  -> (artifact id: '59862228dc5666901db1513977ca423b') in 0.023470 seconds
Number of updated asset objects reloaded before import = 0
Number of asset objects unloaded after import = 39
========================================================================
Received Import Request.
  Time since last request: 0.000050 seconds.
  path: Assets/HelloMarioAssets/Enemy/Goomba/Anim/FallTower.fbx
  artifactKey: Guid(75de05e80af7bbd409a8e2f96098d983) Importer(815301076,1909f56bfc062723c751e8b465ee728b)
Start importing Assets/HelloMarioAssets/Enemy/Goomba/Anim/FallTower.fbx using Guid(75de05e80af7bbd409a8e2f96098d983) Importer(815301076,1909f56bfc062723c751e8b465ee728b)  -> (artifact id: '128f1d5af5ce385ab29c3cb058e5c0c8') in 0.019299 seconds
Number of updated asset objects reloaded before import = 0
Number of asset objects unloaded after import = 39
========================================================================
Received Import Request.
  Time since last request: 0.000050 seconds.
  path: Assets/HelloMarioAssets/Enemy/Goomba/Anim/RunBrosOnTower.fbx
  artifactKey: Guid(bdea76c8053ad18498840d49e92f7d79) Importer(815301076,1909f56bfc062723c751e8b465ee728b)
Start importing Assets/HelloMarioAssets/Enemy/Goomba/Anim/RunBrosOnTower.fbx using Guid(bdea76c8053ad18498840d49e92f7d79) Importer(815301076,1909f56bfc062723c751e8b465ee728b)  -> (artifact id: 'e373e1018b97a7b54a597206b3dc236e') in 0.019113 seconds
Number of updated asset objects reloaded before import = 0
Number of asset objects unloaded after import = 39
========================================================================
Received Import Request.
  Time since last request: 0.000049 seconds.
  path: Assets/HelloMarioAssets/Enemy/Goomba/Anim/RouteDokanLand.fbx
  artifactKey: Guid(9d3d69a365140c54785635ff3c67e35e) Importer(815301076,1909f56bfc062723c751e8b465ee728b)
Start importing Assets/HelloMarioAssets/Enemy/Goomba/Anim/RouteDokanLand.fbx using Guid(9d3d69a365140c54785635ff3c67e35e) Importer(815301076,1909f56bfc062723c751e8b465ee728b)  -> (artifact id: 'd69fe731c85dfa2e955be575be9c4e61') in 0.016571 seconds
Number of updated asset objects reloaded before import = 0
Number of asset objects unloaded after import = 39
========================================================================
Received Import Request.
  Time since last request: 0.000096 seconds.
  path: Assets/HelloMarioAssets/Enemy/Goomba/Anim/UkiboPressDown.fbx
  artifactKey: Guid(d6494bfcc28ea3342aa1612303527c4a) Importer(815301076,1909f56bfc062723c751e8b465ee728b)
Start importing Assets/HelloMarioAssets/Enemy/Goomba/Anim/UkiboPressDown.fbx using Guid(d6494bfcc28ea3342aa1612303527c4a) Importer(815301076,1909f56bfc062723c751e8b465ee728b)  -> (artifact id: '65a5b5d9aeea5bc56ba7abaeee690fb3') in 0.019883 seconds
Number of updated asset objects reloaded before import = 0
Number of asset objects unloaded after import = 39
========================================================================
Received Import Request.
  Time since last request: 0.000043 seconds.
  path: Assets/HelloMarioAssets/Enemy/Goomba/Anim/JumpTrampolineEnd.fbx
  artifactKey: Guid(8a3ab4f814bdadf448ebd87f5d92ea99) Importer(815301076,1909f56bfc062723c751e8b465ee728b)
Start importing Assets/HelloMarioAssets/Enemy/Goomba/Anim/JumpTrampolineEnd.fbx using Guid(8a3ab4f814bdadf448ebd87f5d92ea99) Importer(815301076,1909f56bfc062723c751e8b465ee728b)  -> (artifact id: 'add90297e701c2acd06cc11e64f448f3') in 0.018354 seconds
Number of updated asset objects reloaded before import = 0
Number of asset objects unloaded after import = 39
========================================================================
Received Import Request.
  Time since last request: 0.000057 seconds.
  path: Assets/HelloMarioAssets/Enemy/Goomba/Anim/FindSkate.fbx
  artifactKey: Guid(118032dd1d174b7469088f8839a6fcc5) Importer(815301076,1909f56bfc062723c751e8b465ee728b)
Start importing Assets/HelloMarioAssets/Enemy/Goomba/Anim/FindSkate.fbx using Guid(118032dd1d174b7469088f8839a6fcc5) Importer(815301076,1909f56bfc062723c751e8b465ee728b)  -> (artifact id: '48875433dbd33844858991c67e0306a0') in 0.019372 seconds
Number of updated asset objects reloaded before import = 0
Number of asset objects unloaded after import = 39
========================================================================
Received Import Request.
  Time since last request: 0.000042 seconds.
  path: Assets/HelloMarioAssets/Enemy/Goomba/Anim/RouteDokanEnd.fbx
  artifactKey: Guid(3408dea3587534547882be6f4d63e25a) Importer(815301076,1909f56bfc062723c751e8b465ee728b)
Start importing Assets/HelloMarioAssets/Enemy/Goomba/Anim/RouteDokanEnd.fbx using Guid(3408dea3587534547882be6f4d63e25a) Importer(815301076,1909f56bfc062723c751e8b465ee728b)  -> (artifact id: '342550c9bbec1598b21f4d7c91eb3784') in 0.019376 seconds
Number of updated asset objects reloaded before import = 0
Number of asset objects unloaded after import = 39
========================================================================
Received Import Request.
  Time since last request: 818.532025 seconds.
  path: Assets/scrpts
  artifactKey: Guid(3450049394b3eee4ba8d504ad8c8542d) Importer(815301076,1909f56bfc062723c751e8b465ee728b)
Start importing Assets/scrpts using Guid(3450049394b3eee4ba8d504ad8c8542d) Importer(815301076,1909f56bfc062723c751e8b465ee728b)  -> (artifact id: '3a7027a45a67526ed9eaad7c61e274af') in 0.002284 seconds
Number of updated asset objects reloaded before import = 0
Number of asset objects unloaded after import = 0
========================================================================
Received Import Request.
  Time since last request: 19.863956 seconds.
  path: Assets/scrpts/Goomba Controller.controller
  artifactKey: Guid(027ef38aaf3bc4d46915be481a1575cd) Importer(815301076,1909f56bfc062723c751e8b465ee728b)
Start importing Assets/scrpts/Goomba Controller.controller using Guid(027ef38aaf3bc4d46915be481a1575cd) Importer(815301076,1909f56bfc062723c751e8b465ee728b)  -> (artifact id: '4ab252ba6598b580552f9170ff6fc4d9') in 0.017022 seconds
Number of updated asset objects reloaded before import = 0
Number of asset objects unloaded after import = 1
