Using pre-set license
Built from '2022.3/staging' branch; Version is '2022.3.4f1 (35713cd46cd7) revision 3502396'; Using compiler version '192829333'; Build Type 'Release'
OS: 'Windows 11  (10.0.22621) 64bit Core' Language: 'ko' Physical Memory: 8025 MB
BatchMode: 1, IsHumanControllingUs: 0, StartBugReporterOnCrash: 0, Is64bit: 1, IsPro: 1

COMMAND LINE ARGUMENTS:
C:\Program Files\Unity\Hub\Editor\2022.3.4f1\Editor\Unity.exe
-adb2
-batchMode
-noUpm
-name
AssetImportWorker1
-projectPath
C:/Users/다정/Documents/GitHub/Tums_CloneCoding/Tums_Mario_Project
-logFile
Logs/AssetImportWorker1.log
-srvPort
13606
Successfully changed project path to: C:/Users/다정/Documents/GitHub/Tums_CloneCoding/Tums_Mario_Project
C:/Users/다정/Documents/GitHub/Tums_CloneCoding/Tums_Mario_Project
[UnityMemory] Configuration Parameters - Can be set up in boot.config
    "memorysetup-bucket-allocator-granularity=16"
    "memorysetup-bucket-allocator-bucket-count=8"
    "memorysetup-bucket-allocator-block-size=33554432"
    "memorysetup-bucket-allocator-block-count=8"
    "memorysetup-main-allocator-block-size=16777216"
    "memorysetup-thread-allocator-block-size=16777216"
    "memorysetup-gfx-main-allocator-block-size=16777216"
    "memorysetup-gfx-thread-allocator-block-size=16777216"
    "memorysetup-cache-allocator-block-size=4194304"
    "memorysetup-typetree-allocator-block-size=2097152"
    "memorysetup-profiler-bucket-allocator-granularity=16"
    "memorysetup-profiler-bucket-allocator-bucket-count=8"
    "memorysetup-profiler-bucket-allocator-block-size=33554432"
    "memorysetup-profiler-bucket-allocator-block-count=8"
    "memorysetup-profiler-allocator-block-size=16777216"
    "memorysetup-profiler-editor-allocator-block-size=1048576"
    "memorysetup-temp-allocator-size-main=16777216"
    "memorysetup-job-temp-allocator-block-size=2097152"
    "memorysetup-job-temp-allocator-block-size-background=1048576"
    "memorysetup-job-temp-allocator-reduction-small-platforms=262144"
    "memorysetup-allocator-temp-initial-block-size-main=262144"
    "memorysetup-allocator-temp-initial-block-size-worker=262144"
    "memorysetup-temp-allocator-size-background-worker=32768"
    "memorysetup-temp-allocator-size-job-worker=262144"
    "memorysetup-temp-allocator-size-preload-manager=33554432"
    "memorysetup-temp-allocator-size-nav-mesh-worker=65536"
    "memorysetup-temp-allocator-size-audio-worker=65536"
    "memorysetup-temp-allocator-size-cloud-worker=32768"
    "memorysetup-temp-allocator-size-gi-baking-worker=262144"
    "memorysetup-temp-allocator-size-gfx=262144"
Player connection [18220] Host "[IP] 192.168.219.109 [Port] 0 [Flags] 2 [Guid] 539746610 [EditorId] 539746610 [Version] 1048832 [Id] WindowsEditor(7,DESKTOP-IP51DP1) [Debug] 1 [PackageName] WindowsEditor [ProjectName] Editor" joined multi-casting on [225.0.0.222:54997]...

Player connection [18220] Host "[IP] 192.168.219.109 [Port] 0 [Flags] 2 [Guid] 539746610 [EditorId] 539746610 [Version] 1048832 [Id] WindowsEditor(7,DESKTOP-IP51DP1) [Debug] 1 [PackageName] WindowsEditor [ProjectName] Editor" joined alternative multi-casting on [225.0.0.222:34997]...

Refreshing native plugins compatible for Editor in 87.12 ms, found 3 plugins.
Preloading 0 native plugins for Editor in 0.00 ms.
Initialize engine version: 2022.3.4f1 (35713cd46cd7)
[Subsystems] Discovering subsystems at path C:/Program Files/Unity/Hub/Editor/2022.3.4f1/Editor/Data/Resources/UnitySubsystems
[Subsystems] Discovering subsystems at path C:/Users/다정/Documents/GitHub/Tums_CloneCoding/Tums_Mario_Project/Assets
GfxDevice: creating device client; threaded=0; jobified=0
Direct3D:
    Version:  Direct3D 11.0 [level 11.1]
    Renderer: Intel(R) UHD Graphics 620 (ID=0x5917)
    Vendor:   Intel
    VRAM:     4012 MB
    Driver:   25.20.100.6577
Initialize mono
Mono path[0] = 'C:/Program Files/Unity/Hub/Editor/2022.3.4f1/Editor/Data/Managed'
Mono path[1] = 'C:/Program Files/Unity/Hub/Editor/2022.3.4f1/Editor/Data/MonoBleedingEdge/lib/mono/unityjit-win32'
Mono config path = 'C:/Program Files/Unity/Hub/Editor/2022.3.4f1/Editor/Data/MonoBleedingEdge/etc'
Using monoOptions --debugger-agent=transport=dt_socket,embedding=1,server=y,suspend=n,address=127.0.0.1:56140
Begin MonoManager ReloadAssembly
Registering precompiled unity dll's ...
Register platform support module: C:/Program Files/Unity/Hub/Editor/2022.3.4f1/Editor/Data/PlaybackEngines/WindowsStandaloneSupport/UnityEditor.WindowsStandalone.Extensions.dll
Registered in 0.087082 seconds.
- Loaded All Assemblies, in  1.958 seconds
Native extension for WindowsStandalone target not found
Mono: successfully reloaded assembly
- Finished resetting the current domain, in  1.407 seconds
Domain Reload Profiling: 3346ms
	BeginReloadAssembly (623ms)
		ExecutionOrderSort (0ms)
		DisableScriptedObjects (0ms)
		BackupInstance (0ms)
		ReleaseScriptingObjects (0ms)
		CreateAndSetChildDomain (6ms)
	RebuildCommonClasses (187ms)
	RebuildNativeTypeToScriptingClass (57ms)
	initialDomainReloadingComplete (428ms)
	LoadAllAssembliesAndSetupDomain (642ms)
		LoadAssemblies (604ms)
		RebuildTransferFunctionScriptingTraits (0ms)
		AnalyzeDomain (587ms)
			TypeCache.Refresh (584ms)
				TypeCache.ScanAssembly (511ms)
			ScanForSourceGeneratedMonoScriptInfo (1ms)
			ResolveRequiredComponents (2ms)
	FinalizeReload (1409ms)
		ReleaseScriptCaches (0ms)
		RebuildScriptCaches (0ms)
		SetupLoadedEditorAssemblies (1066ms)
			LogAssemblyErrors (0ms)
			InitializePlatformSupportModulesInManaged (65ms)
			SetLoadedEditorAssemblies (33ms)
			RefreshPlugins (0ms)
			BeforeProcessingInitializeOnLoad (9ms)
			ProcessInitializeOnLoadAttributes (689ms)
			ProcessInitializeOnLoadMethodAttributes (269ms)
			AfterProcessingInitializeOnLoad (0ms)
			EditorAssembliesLoaded (0ms)
		ExecutionOrderSort2 (0ms)
		AwakeInstancesAfterBackupRestoration (0ms)
========================================================================
Worker process is ready to serve import requests
Begin MonoManager ReloadAssembly
Symbol file LoadedFromMemory doesn't match image C:\Users\다정\Documents\GitHub\Tums_CloneCoding\Tums_Mario_Project\Library\PackageCache\com.unity.visualscripting@1.8.0\Editor\VisualScripting.Core\Dependencies\YamlDotNet\Unity.VisualScripting.YamlDotNet.dll
Symbol file LoadedFromMemory doesn't match image C:\Users\다정\Documents\GitHub\Tums_CloneCoding\Tums_Mario_Project\Library\PackageCache\com.unity.visualscripting@1.8.0\Editor\VisualScripting.Core\Dependencies\DotNetZip\Unity.VisualScripting.IonicZip.dll
- Loaded All Assemblies, in  5.021 seconds
Refreshing native plugins compatible for Editor in 63.12 ms, found 3 plugins.
Native extension for WindowsStandalone target not found
Package Manager log level set to [2]
[Package Manager] Server::EnsureServerProcessIsRunning -- launch failed, reason: Unity was launched with the -noUpm command-line argument
[Package Manager] UpmClient::Send -- Unable to send message (not connected to UPM process).
[Package Manager] Cannot connect to Unity Package Manager local server
Mono: successfully reloaded assembly
- Finished resetting the current domain, in  4.021 seconds
Domain Reload Profiling: 9009ms
	BeginReloadAssembly (734ms)
		ExecutionOrderSort (0ms)
		DisableScriptedObjects (25ms)
		BackupInstance (0ms)
		ReleaseScriptingObjects (0ms)
		CreateAndSetChildDomain (82ms)
	RebuildCommonClasses (252ms)
	RebuildNativeTypeToScriptingClass (48ms)
	initialDomainReloadingComplete (242ms)
	LoadAllAssembliesAndSetupDomain (3709ms)
		LoadAssemblies (2150ms)
		RebuildTransferFunctionScriptingTraits (0ms)
		AnalyzeDomain (1905ms)
			TypeCache.Refresh (1664ms)
				TypeCache.ScanAssembly (1419ms)
			ScanForSourceGeneratedMonoScriptInfo (218ms)
			ResolveRequiredComponents (22ms)
	FinalizeReload (4023ms)
		ReleaseScriptCaches (0ms)
		RebuildScriptCaches (0ms)
		SetupLoadedEditorAssemblies (2898ms)
			LogAssemblyErrors (0ms)
			InitializePlatformSupportModulesInManaged (67ms)
			SetLoadedEditorAssemblies (24ms)
			RefreshPlugins (0ms)
			BeforeProcessingInitializeOnLoad (369ms)
			ProcessInitializeOnLoadAttributes (2278ms)
			ProcessInitializeOnLoadMethodAttributes (81ms)
			AfterProcessingInitializeOnLoad (79ms)
			EditorAssembliesLoaded (0ms)
		ExecutionOrderSort2 (0ms)
		AwakeInstancesAfterBackupRestoration (75ms)
Launched and connected shader compiler UnityShaderCompiler.exe after 0.39 seconds
Refreshing native plugins compatible for Editor in 33.53 ms, found 3 plugins.
Preloading 0 native plugins for Editor in 0.00 ms.
Unloading 3238 Unused Serialized files (Serialized files now loaded: 0)
Unloading 34 unused Assets / (462.1 KB). Loaded Objects now: 3703.
Memory consumption went from 161.0 MB to 160.6 MB.
Total: 13.594000 ms (FindLiveObjects: 0.641900 ms CreateObjectMapping: 0.625500 ms MarkObjects: 11.123700 ms  DeleteObjects: 1.200400 ms)

AssetImportParameters requested are different than current active one (requested -> active):
  custom:container-demuxer-ogg: 62fdf1f143b41e24485cea50d1cbac27 -> 
  custom:video-decoder-ogg-theora: a1e56fd34408186e4bbccfd4996cb3dc -> 
  custom:framework-win-MediaFoundation: 216162199b28c13a410421893ffa2e32 -> 
  custom:CustomObjectIndexerAttribute: 756ad292c208cfabdd7b50bc23989ffe -> 
  custom:container-demuxer-webm: 4f35f7cbe854078d1ac9338744f61a02 -> 
  custom:container-muxer-webm: aa71ff27fc2769a1b78a27578f13a17b -> 
  custom:video-decoder-webm-vp8: 9c59270c3fd7afecdb556c50c9e8de78 -> 
  custom:AudioImporter_EditorPlatform: d09bf68614088b80899f8185d706f6e7 -> 
  custom:video-encoder-webm-vp8: eb34c28f22e8b96e1ab97ce403110664 -> 
  custom:audio-decoder-ogg-vorbis: bf7c407c2cedff20999df2af8eb42d56 -> 
  custom:audio-encoder-webm-vorbis: bf7c407c2cedff20999df2af8eb42d56 -> 
========================================================================
Received Import Request.
  Time since last request: 1283624.858356 seconds.
  path: Assets/HelloMarioAssets/Enemy/Goomba/Anim/SleepTower.fbx
  artifactKey: Guid(2ee0d999dc257294a9c6971b2dfa8dbf) Importer(815301076,1909f56bfc062723c751e8b465ee728b)
Start importing Assets/HelloMarioAssets/Enemy/Goomba/Anim/SleepTower.fbx using Guid(2ee0d999dc257294a9c6971b2dfa8dbf) Importer(815301076,1909f56bfc062723c751e8b465ee728b)  -> (artifact id: '5eac7fab6feb103dc131729ca706ff7f') in 0.128068 seconds
Number of updated asset objects reloaded before import = 0
Number of asset objects unloaded after import = 39
========================================================================
Received Import Request.
  Time since last request: 0.000056 seconds.
  path: Assets/HelloMarioAssets/Enemy/Goomba/Anim/Run.fbx
  artifactKey: Guid(e8b75731ddd87754da5dd1cb8d8d5110) Importer(815301076,1909f56bfc062723c751e8b465ee728b)
Start importing Assets/HelloMarioAssets/Enemy/Goomba/Anim/Run.fbx using Guid(e8b75731ddd87754da5dd1cb8d8d5110) Importer(815301076,1909f56bfc062723c751e8b465ee728b)  -> (artifact id: '9327e188cb49925cb2eb81ade439adb7') in 0.020538 seconds
Number of updated asset objects reloaded before import = 0
Number of asset objects unloaded after import = 39
========================================================================
Received Import Request.
  Time since last request: 0.000032 seconds.
  path: Assets/HelloMarioAssets/Enemy/Goomba/Anim/Turn.fbx
  artifactKey: Guid(f73d723d085d77b4281268df68d79b25) Importer(815301076,1909f56bfc062723c751e8b465ee728b)
Start importing Assets/HelloMarioAssets/Enemy/Goomba/Anim/Turn.fbx using Guid(f73d723d085d77b4281268df68d79b25) Importer(815301076,1909f56bfc062723c751e8b465ee728b)  -> (artifact id: '0476bbbb79075a5b00075c48c61c69a8') in 0.016690 seconds
Number of updated asset objects reloaded before import = 0
Number of asset objects unloaded after import = 39
========================================================================
Received Import Request.
  Time since last request: 0.000090 seconds.
  path: Assets/HelloMarioAssets/Enemy/Goomba/Anim/PressDownSkate.fbx
  artifactKey: Guid(73192daf0be9a694481be677bf1b658e) Importer(815301076,1909f56bfc062723c751e8b465ee728b)
Start importing Assets/HelloMarioAssets/Enemy/Goomba/Anim/PressDownSkate.fbx using Guid(73192daf0be9a694481be677bf1b658e) Importer(815301076,1909f56bfc062723c751e8b465ee728b)  -> (artifact id: 'ffeadce13747415f9ee82f7cb2b2360d') in 0.023193 seconds
Number of updated asset objects reloaded before import = 0
Number of asset objects unloaded after import = 39
========================================================================
Received Import Request.
  Time since last request: 0.000039 seconds.
  path: Assets/HelloMarioAssets/Enemy/Goomba/Anim/UkiboChaseSurface.fbx
  artifactKey: Guid(70c7f00e13d594748952f65a328895f6) Importer(815301076,1909f56bfc062723c751e8b465ee728b)
Start importing Assets/HelloMarioAssets/Enemy/Goomba/Anim/UkiboChaseSurface.fbx using Guid(70c7f00e13d594748952f65a328895f6) Importer(815301076,1909f56bfc062723c751e8b465ee728b)  -> (artifact id: '23d399b8ff848e578aabcb988d091519') in 0.014809 seconds
Number of updated asset objects reloaded before import = 0
Number of asset objects unloaded after import = 39
========================================================================
Received Import Request.
  Time since last request: 0.000040 seconds.
  path: Assets/HelloMarioAssets/Enemy/Goomba/Anim/RunSkate.fbx
  artifactKey: Guid(fcdc2a2ec41d678459bd3684e212c68d) Importer(815301076,1909f56bfc062723c751e8b465ee728b)
Start importing Assets/HelloMarioAssets/Enemy/Goomba/Anim/RunSkate.fbx using Guid(fcdc2a2ec41d678459bd3684e212c68d) Importer(815301076,1909f56bfc062723c751e8b465ee728b)  -> (artifact id: 'f49da8267e1ef3c1f49fefe7e894b2b4') in 0.018339 seconds
Number of updated asset objects reloaded before import = 0
Number of asset objects unloaded after import = 39
========================================================================
Received Import Request.
  Time since last request: 0.000031 seconds.
  path: Assets/HelloMarioAssets/Enemy/Goomba/Anim/WaitTower.fbx
  artifactKey: Guid(ddd631d41a02389498343df7fe5dc5ec) Importer(815301076,1909f56bfc062723c751e8b465ee728b)
Start importing Assets/HelloMarioAssets/Enemy/Goomba/Anim/WaitTower.fbx using Guid(ddd631d41a02389498343df7fe5dc5ec) Importer(815301076,1909f56bfc062723c751e8b465ee728b)  -> (artifact id: 'a8f66175e6824235f25f532edf8ff83c') in 0.017912 seconds
Number of updated asset objects reloaded before import = 0
Number of asset objects unloaded after import = 39
========================================================================
Received Import Request.
  Time since last request: 0.000061 seconds.
  path: Assets/HelloMarioAssets/Enemy/Goomba/Anim/AttackStart.fbx
  artifactKey: Guid(b1c33b7eaf769ac4d9b74da1ddfef944) Importer(815301076,1909f56bfc062723c751e8b465ee728b)
Start importing Assets/HelloMarioAssets/Enemy/Goomba/Anim/AttackStart.fbx using Guid(b1c33b7eaf769ac4d9b74da1ddfef944) Importer(815301076,1909f56bfc062723c751e8b465ee728b)  -> (artifact id: '93fceed0d0dff1e83917e90754fd154c') in 0.015497 seconds
Number of updated asset objects reloaded before import = 0
Number of asset objects unloaded after import = 39
========================================================================
Received Import Request.
  Time since last request: 0.000035 seconds.
  path: Assets/HelloMarioAssets/Enemy/Goomba/Anim/LandTower.fbx
  artifactKey: Guid(1f356a3cf5dc2d14ea141ce6f401967f) Importer(815301076,1909f56bfc062723c751e8b465ee728b)
Start importing Assets/HelloMarioAssets/Enemy/Goomba/Anim/LandTower.fbx using Guid(1f356a3cf5dc2d14ea141ce6f401967f) Importer(815301076,1909f56bfc062723c751e8b465ee728b)  -> (artifact id: 'cd6e50de4ba12af0734edcf95b52b4c4') in 0.018014 seconds
Number of updated asset objects reloaded before import = 0
Number of asset objects unloaded after import = 39
========================================================================
Received Import Request.
  Time since last request: 0.000165 seconds.
  path: Assets/HelloMarioAssets/Enemy/Goomba/Anim/Walk.fbx
  artifactKey: Guid(77f759d8daaf9aa488750bb3c16d5988) Importer(815301076,1909f56bfc062723c751e8b465ee728b)
Start importing Assets/HelloMarioAssets/Enemy/Goomba/Anim/Walk.fbx using Guid(77f759d8daaf9aa488750bb3c16d5988) Importer(815301076,1909f56bfc062723c751e8b465ee728b)  -> (artifact id: 'dd0813550ccc54a284fecf036122b25a') in 0.019420 seconds
Number of updated asset objects reloaded before import = 0
Number of asset objects unloaded after import = 39
========================================================================
Received Import Request.
  Time since last request: 0.000069 seconds.
  path: Assets/HelloMarioAssets/Enemy/Goomba/Anim/UkiboFind.fbx
  artifactKey: Guid(bfad7e19d96a1374e979693792b3ae7c) Importer(815301076,1909f56bfc062723c751e8b465ee728b)
Start importing Assets/HelloMarioAssets/Enemy/Goomba/Anim/UkiboFind.fbx using Guid(bfad7e19d96a1374e979693792b3ae7c) Importer(815301076,1909f56bfc062723c751e8b465ee728b)  -> (artifact id: 'd2af9b2ef6c99ca005b88e440aa873fa') in 0.014813 seconds
Number of updated asset objects reloaded before import = 0
Number of asset objects unloaded after import = 39
========================================================================
Received Import Request.
  Time since last request: 0.000051 seconds.
  path: Assets/HelloMarioAssets/Enemy/Goomba/Anim/WaitSkate.fbx
  artifactKey: Guid(8ce192aae722ae8478cbfae3cf63a9dd) Importer(815301076,1909f56bfc062723c751e8b465ee728b)
Start importing Assets/HelloMarioAssets/Enemy/Goomba/Anim/WaitSkate.fbx using Guid(8ce192aae722ae8478cbfae3cf63a9dd) Importer(815301076,1909f56bfc062723c751e8b465ee728b)  -> (artifact id: 'ea98d2731961eb46c9f916dc1ef00aae') in 0.017087 seconds
Number of updated asset objects reloaded before import = 0
Number of asset objects unloaded after import = 39
========================================================================
Received Import Request.
  Time since last request: 0.000035 seconds.
  path: Assets/HelloMarioAssets/Enemy/Goomba/Anim/Attack.fbx
  artifactKey: Guid(51337471867d6c6449e7f05526d322e2) Importer(815301076,1909f56bfc062723c751e8b465ee728b)
Start importing Assets/HelloMarioAssets/Enemy/Goomba/Anim/Attack.fbx using Guid(51337471867d6c6449e7f05526d322e2) Importer(815301076,1909f56bfc062723c751e8b465ee728b)  -> (artifact id: 'a29b6e274daf42ae25c88f55e9306309') in 0.015836 seconds
Number of updated asset objects reloaded before import = 0
Number of asset objects unloaded after import = 39
========================================================================
Received Import Request.
  Time since last request: 0.000030 seconds.
  path: Assets/HelloMarioAssets/Enemy/Goomba/Anim/FallSkate.fbx
  artifactKey: Guid(13c16a63dfed0234697fa1b9a2021193) Importer(815301076,1909f56bfc062723c751e8b465ee728b)
Start importing Assets/HelloMarioAssets/Enemy/Goomba/Anim/FallSkate.fbx using Guid(13c16a63dfed0234697fa1b9a2021193) Importer(815301076,1909f56bfc062723c751e8b465ee728b)  -> (artifact id: '32a65573464196a1fc2fb90aa7d412b7') in 0.020345 seconds
Number of updated asset objects reloaded before import = 0
Number of asset objects unloaded after import = 39
========================================================================
Received Import Request.
  Time since last request: 0.000039 seconds.
  path: Assets/HelloMarioAssets/Enemy/Goomba/Anim/AccelSkate.fbx
  artifactKey: Guid(0ecc7918aac16a94799bc71bc014ec92) Importer(815301076,1909f56bfc062723c751e8b465ee728b)
Start importing Assets/HelloMarioAssets/Enemy/Goomba/Anim/AccelSkate.fbx using Guid(0ecc7918aac16a94799bc71bc014ec92) Importer(815301076,1909f56bfc062723c751e8b465ee728b)  -> (artifact id: '6d6e53f0b77ff5df4187076bd8151e13') in 0.022257 seconds
Number of updated asset objects reloaded before import = 0
Number of asset objects unloaded after import = 39
========================================================================
Received Import Request.
  Time since last request: 0.000042 seconds.
  path: Assets/HelloMarioAssets/Enemy/Goomba/Anim/FindLoop.fbx
  artifactKey: Guid(1353fcf0dade5b14a9bd6bcbf7ef8de5) Importer(815301076,1909f56bfc062723c751e8b465ee728b)
Start importing Assets/HelloMarioAssets/Enemy/Goomba/Anim/FindLoop.fbx using Guid(1353fcf0dade5b14a9bd6bcbf7ef8de5) Importer(815301076,1909f56bfc062723c751e8b465ee728b)  -> (artifact id: 'd5447eaf82590e59ec02557c0c4b8761') in 0.020638 seconds
Number of updated asset objects reloaded before import = 0
Number of asset objects unloaded after import = 39
========================================================================
Received Import Request.
  Time since last request: 0.000050 seconds.
  path: Assets/HelloMarioAssets/Enemy/Goomba/Anim/WalkTower.fbx
  artifactKey: Guid(c024352eb998d1646a5cd35680cb188c) Importer(815301076,1909f56bfc062723c751e8b465ee728b)
Start importing Assets/HelloMarioAssets/Enemy/Goomba/Anim/WalkTower.fbx using Guid(c024352eb998d1646a5cd35680cb188c) Importer(815301076,1909f56bfc062723c751e8b465ee728b)  -> (artifact id: 'b3815986a5681c9d688b8197ce14fa4e') in 0.016915 seconds
Number of updated asset objects reloaded before import = 0
Number of asset objects unloaded after import = 39
========================================================================
Received Import Request.
  Time since last request: 0.000035 seconds.
  path: Assets/HelloMarioAssets/Enemy/Goomba/Anim/SurpriseTower.fbx
  artifactKey: Guid(43397278919e3bb4dabbe26a30d7354a) Importer(815301076,1909f56bfc062723c751e8b465ee728b)
Start importing Assets/HelloMarioAssets/Enemy/Goomba/Anim/SurpriseTower.fbx using Guid(43397278919e3bb4dabbe26a30d7354a) Importer(815301076,1909f56bfc062723c751e8b465ee728b)  -> (artifact id: 'db153e7ed7d0898883566eed5cb47df2') in 0.018773 seconds
Number of updated asset objects reloaded before import = 0
Number of asset objects unloaded after import = 39
========================================================================
Received Import Request.
  Time since last request: 0.000037 seconds.
  path: Assets/HelloMarioAssets/Enemy/Goomba/Anim/Find.fbx
  artifactKey: Guid(54bda6539df338c41810f2e1a117e29c) Importer(815301076,1909f56bfc062723c751e8b465ee728b)
Start importing Assets/HelloMarioAssets/Enemy/Goomba/Anim/Find.fbx using Guid(54bda6539df338c41810f2e1a117e29c) Importer(815301076,1909f56bfc062723c751e8b465ee728b)  -> (artifact id: '3a1b24c3cd19e9dac2192ff6c669c147') in 0.018695 seconds
Number of updated asset objects reloaded before import = 0
Number of asset objects unloaded after import = 39
========================================================================
Received Import Request.
  Time since last request: 0.000038 seconds.
  path: Assets/HelloMarioAssets/Enemy/Goomba/Anim/Land.fbx
  artifactKey: Guid(b8b997dd27f33bf48a57a42ac397eeb7) Importer(815301076,1909f56bfc062723c751e8b465ee728b)
Start importing Assets/HelloMarioAssets/Enemy/Goomba/Anim/Land.fbx using Guid(b8b997dd27f33bf48a57a42ac397eeb7) Importer(815301076,1909f56bfc062723c751e8b465ee728b)  -> (artifact id: '09272cbacd9ea501e1f0f97eb4d34db0') in 0.018281 seconds
Number of updated asset objects reloaded before import = 0
Number of asset objects unloaded after import = 39
========================================================================
Received Import Request.
  Time since last request: 0.000060 seconds.
  path: Assets/HelloMarioAssets/Enemy/Goomba/Anim/AttackEnd.fbx
  artifactKey: Guid(911e7bcdb373b6040921df6612833d45) Importer(815301076,1909f56bfc062723c751e8b465ee728b)
Start importing Assets/HelloMarioAssets/Enemy/Goomba/Anim/AttackEnd.fbx using Guid(911e7bcdb373b6040921df6612833d45) Importer(815301076,1909f56bfc062723c751e8b465ee728b)  -> (artifact id: 'b505be77cb391623d4cb069dedb9df70') in 0.020360 seconds
Number of updated asset objects reloaded before import = 0
Number of asset objects unloaded after import = 39
========================================================================
Received Import Request.
  Time since last request: 0.000032 seconds.
  path: Assets/HelloMarioAssets/Enemy/Goomba/Anim
  artifactKey: Guid(2bfae464459cd214bac4a2a175e41569) Importer(815301076,1909f56bfc062723c751e8b465ee728b)
Start importing Assets/HelloMarioAssets/Enemy/Goomba/Anim using Guid(2bfae464459cd214bac4a2a175e41569) Importer(815301076,1909f56bfc062723c751e8b465ee728b)  -> (artifact id: '35f0c13738b76a2ed4f41dbcde260bb0') in 0.002079 seconds
Number of updated asset objects reloaded before import = 0
Number of asset objects unloaded after import = 0
========================================================================
Received Import Request.
  Time since last request: 0.000233 seconds.
  path: Assets/HelloMarioAssets/Enemy/Goomba/Anim/Fall.fbx
  artifactKey: Guid(3d5c31fdc95eb3b49a386582284d453e) Importer(815301076,1909f56bfc062723c751e8b465ee728b)
Start importing Assets/HelloMarioAssets/Enemy/Goomba/Anim/Fall.fbx using Guid(3d5c31fdc95eb3b49a386582284d453e) Importer(815301076,1909f56bfc062723c751e8b465ee728b)  -> (artifact id: '19f9a41694f40d9b37fd2b3a662a407b') in 0.019108 seconds
Number of updated asset objects reloaded before import = 0
Number of asset objects unloaded after import = 39
========================================================================
Received Import Request.
  Time since last request: 0.000034 seconds.
  path: Assets/HelloMarioAssets/Enemy/Goomba/Anim/PressDownTower.fbx
  artifactKey: Guid(25c8f3076f4ab2d448a1774b02aa45f0) Importer(815301076,1909f56bfc062723c751e8b465ee728b)
Start importing Assets/HelloMarioAssets/Enemy/Goomba/Anim/PressDownTower.fbx using Guid(25c8f3076f4ab2d448a1774b02aa45f0) Importer(815301076,1909f56bfc062723c751e8b465ee728b)  -> (artifact id: '5e502792c504beaf6cad19c62ef7ac96') in 0.019586 seconds
Number of updated asset objects reloaded before import = 0
Number of asset objects unloaded after import = 39
